<?xml version="1.0" encoding="UTF-8"?>
<!-- Generated by org.testng.reporters.JUnitReportReporter -->
<testsuite hostname="P3ALAP-34X3V93" failures="0" tests="1" name="runner.TestRunner" time="6.207" errors="0" timestamp="2021-11-08T09:13:05 IST" skipped="0">
  <testcase classname="runner.TestRunner" name="testRunnerNG" time="6.207"/>
  <system-out/>
</testsuite> <!-- runner.TestRunner -->
